  源.cpp
C:\Code\HIT\MAZE\MAZE\MAZE\源.cpp(313,60): warning C4244: “参数”: 从“double”转换到“int”，可能丢失数据
C:\Code\HIT\MAZE\MAZE\MAZE\源.cpp(313,36): warning C4244: “参数”: 从“double”转换到“int”，可能丢失数据
C:\Code\HIT\MAZE\MAZE\MAZE\源.cpp(312,39): warning C4244: “参数”: 从“double”转换到“int”，可能丢失数据
C:\Code\HIT\MAZE\MAZE\MAZE\源.cpp(311,39): warning C4244: “参数”: 从“double”转换到“int”，可能丢失数据
C:\Code\HIT\MAZE\MAZE\MAZE\源.cpp(310,33): warning C4244: “参数”: 从“double”转换到“int”，可能丢失数据
C:\Code\HIT\MAZE\MAZE\MAZE\源.cpp(309,33): warning C4244: “参数”: 从“double”转换到“int”，可能丢失数据
C:\Code\HIT\MAZE\MAZE\MAZE\源.cpp(388,76): warning C4244: “参数”: 从“double”转换到“int”，可能丢失数据
C:\Code\HIT\MAZE\MAZE\MAZE\源.cpp(388,52): warning C4244: “参数”: 从“double”转换到“int”，可能丢失数据
C:\Code\HIT\MAZE\MAZE\MAZE\源.cpp(387,55): warning C4244: “参数”: 从“double”转换到“int”，可能丢失数据
C:\Code\HIT\MAZE\MAZE\MAZE\源.cpp(386,55): warning C4244: “参数”: 从“double”转换到“int”，可能丢失数据
C:\Code\HIT\MAZE\MAZE\MAZE\源.cpp(385,49): warning C4244: “参数”: 从“double”转换到“int”，可能丢失数据
C:\Code\HIT\MAZE\MAZE\MAZE\源.cpp(384,49): warning C4244: “参数”: 从“double”转换到“int”，可能丢失数据
C:\Code\HIT\MAZE\MAZE\MAZE\源.cpp(404,76): warning C4244: “参数”: 从“double”转换到“int”，可能丢失数据
C:\Code\HIT\MAZE\MAZE\MAZE\源.cpp(404,52): warning C4244: “参数”: 从“double”转换到“int”，可能丢失数据
C:\Code\HIT\MAZE\MAZE\MAZE\源.cpp(403,55): warning C4244: “参数”: 从“double”转换到“int”，可能丢失数据
C:\Code\HIT\MAZE\MAZE\MAZE\源.cpp(402,55): warning C4244: “参数”: 从“double”转换到“int”，可能丢失数据
C:\Code\HIT\MAZE\MAZE\MAZE\源.cpp(401,49): warning C4244: “参数”: 从“double”转换到“int”，可能丢失数据
C:\Code\HIT\MAZE\MAZE\MAZE\源.cpp(400,49): warning C4244: “参数”: 从“double”转换到“int”，可能丢失数据
C:\Code\HIT\MAZE\MAZE\MAZE\源.cpp(421,52): warning C4244: “参数”: 从“double”转换到“int”，可能丢失数据
C:\Code\HIT\MAZE\MAZE\MAZE\源.cpp(421,42): warning C4244: “参数”: 从“double”转换到“int”，可能丢失数据
C:\Code\HIT\MAZE\MAZE\MAZE\源.cpp(425,52): warning C4244: “参数”: 从“double”转换到“int”，可能丢失数据
C:\Code\HIT\MAZE\MAZE\MAZE\源.cpp(425,42): warning C4244: “参数”: 从“double”转换到“int”，可能丢失数据
C:\Code\HIT\MAZE\MAZE\MAZE\源.cpp(457,13): warning C4996: 'strcpy': This function or variable may be unsafe. Consider using strcpy_s instead. To disable deprecation, use _CRT_SECURE_NO_WARNINGS. See online help for details.
C:\Code\HIT\MAZE\MAZE\MAZE\源.cpp(466,13): warning C4996: 'strcat': This function or variable may be unsafe. Consider using strcat_s instead. To disable deprecation, use _CRT_SECURE_NO_WARNINGS. See online help for details.
C:\Code\HIT\MAZE\MAZE\MAZE\源.cpp(468,13): warning C4996: 'strcat': This function or variable may be unsafe. Consider using strcat_s instead. To disable deprecation, use _CRT_SECURE_NO_WARNINGS. See online help for details.
C:\Code\HIT\MAZE\MAZE\MAZE\源.cpp(471,13): warning C4996: 'strcat': This function or variable may be unsafe. Consider using strcat_s instead. To disable deprecation, use _CRT_SECURE_NO_WARNINGS. See online help for details.
C:\Code\HIT\MAZE\MAZE\MAZE\源.cpp(472,13): warning C4996: 'strcat': This function or variable may be unsafe. Consider using strcat_s instead. To disable deprecation, use _CRT_SECURE_NO_WARNINGS. See online help for details.
C:\Code\HIT\MAZE\MAZE\MAZE\源.cpp(475,13): warning C4996: 'strcat': This function or variable may be unsafe. Consider using strcat_s instead. To disable deprecation, use _CRT_SECURE_NO_WARNINGS. See online help for details.
C:\Code\HIT\MAZE\MAZE\MAZE\源.cpp(432,5): warning C4996: 'sprintf': This function or variable may be unsafe. Consider using sprintf_s instead. To disable deprecation, use _CRT_SECURE_NO_WARNINGS. See online help for details.
C:\Code\HIT\MAZE\MAZE\MAZE\源.cpp(438,5): warning C4996: 'sprintf': This function or variable may be unsafe. Consider using sprintf_s instead. To disable deprecation, use _CRT_SECURE_NO_WARNINGS. See online help for details.
C:\Code\HIT\MAZE\MAZE\MAZE\源.cpp(470,13): warning C4996: 'sprintf': This function or variable may be unsafe. Consider using sprintf_s instead. To disable deprecation, use _CRT_SECURE_NO_WARNINGS. See online help for details.
C:\Code\HIT\MAZE\MAZE\MAZE\源.cpp(474,13): warning C4996: 'sprintf': This function or variable may be unsafe. Consider using sprintf_s instead. To disable deprecation, use _CRT_SECURE_NO_WARNINGS. See online help for details.
C:\Code\HIT\MAZE\MAZE\MAZE\源.cpp(684,25): warning C4996: 'strcpy': This function or variable may be unsafe. Consider using strcpy_s instead. To disable deprecation, use _CRT_SECURE_NO_WARNINGS. See online help for details.
C:\Code\HIT\MAZE\MAZE\MAZE\源.cpp(690,52): warning C4244: “参数”: 从“double”转换到“float”，可能丢失数据
C:\Code\HIT\MAZE\MAZE\MAZE\源.cpp(685,36): warning C4996: 'fopen': This function or variable may be unsafe. Consider using fopen_s instead. To disable deprecation, use _CRT_SECURE_NO_WARNINGS. See online help for details.
C:\Code\HIT\MAZE\MAZE\MAZE\源.cpp(723,21): warning C4477: “fprintf”: 格式字符串“%f”需要类型“double”的参数，但可变参数 2 拥有了类型“int”
C:\Code\HIT\MAZE\MAZE\MAZE\源.cpp(712,16): warning C4996: 'fopen': This function or variable may be unsafe. Consider using fopen_s instead. To disable deprecation, use _CRT_SECURE_NO_WARNINGS. See online help for details.
C:\Code\HIT\MAZE\MAZE\MAZE\源.cpp(716,9): warning C4996: 'fscanf': This function or variable may be unsafe. Consider using fscanf_s instead. To disable deprecation, use _CRT_SECURE_NO_WARNINGS. See online help for details.
C:\Code\HIT\MAZE\MAZE\MAZE\源.cpp(722,20): warning C4996: 'fopen': This function or variable may be unsafe. Consider using fopen_s instead. To disable deprecation, use _CRT_SECURE_NO_WARNINGS. See online help for details.
C:\Code\HIT\MAZE\MAZE\MAZE\源.cpp(754,20): warning C4996: 'fopen': This function or variable may be unsafe. Consider using fopen_s instead. To disable deprecation, use _CRT_SECURE_NO_WARNINGS. See online help for details.
  正在生成代码
  6 of 23 functions (26.1%) were compiled, the rest were copied from previous compilation.
    0 functions were new in current compilation
    2 functions had inline decision re-evaluated but remain unchanged
  已完成代码的生成
  MAZE.vcxproj -> C:\Code\HIT\MAZE\MAZE\x64\Release\MAZE.exe
